INFO [2022-03-11 18:17:38] $x
INFO [2022-03-11 18:17:38] list(NR = NR[, 1], SwissProtein = Swiss[, 1], KEGG = KEGG[, 1], 
INFO [2022-03-11 18:17:38]     GO = GO[, 1])
INFO [2022-03-11 18:17:38] 
INFO [2022-03-11 18:17:38] $filename
INFO [2022-03-11 18:17:38] [1] "annotation_venn.jpeg"
INFO [2022-03-11 18:17:38] 
INFO [2022-03-11 18:17:38] $resolution
INFO [2022-03-11 18:17:38] [1] 320
INFO [2022-03-11 18:17:38] 
INFO [2022-03-11 18:17:38] $fill
INFO [2022-03-11 18:17:38] c("cornflowerblue", "green", "yellow", "darkorchid1")
INFO [2022-03-11 18:17:38] 
INFO [2022-03-11 18:17:38] $col
INFO [2022-03-11 18:17:38] [1] "transparent"
INFO [2022-03-11 18:17:38] 
INFO [2022-03-11 18:17:38] $fontfamily
INFO [2022-03-11 18:17:38] [1] "serif"
INFO [2022-03-11 18:17:38] 
INFO [2022-03-11 18:17:38] $cex
INFO [2022-03-11 18:17:38] [1] 1.5
INFO [2022-03-11 18:17:38] 
INFO [2022-03-11 18:17:38] $cat.cex
INFO [2022-03-11 18:17:38] [1] 2
INFO [2022-03-11 18:17:38] 
INFO [2022-03-11 18:17:38] $width
INFO [2022-03-11 18:17:38] [1] 4000
INFO [2022-03-11 18:17:38] 
INFO [2022-03-11 18:17:38] $fontface
INFO [2022-03-11 18:17:38] [1] "bold"
INFO [2022-03-11 18:17:38] 
INFO [2022-03-11 18:17:38] [[11]]
INFO [2022-03-11 18:17:38] 
INFO [2022-03-11 18:17:38] 
